[23:48:28.714][INFO][CraftTweaker-EarlyInit]: CraftTweaker is running on a Minecraft 1.20.1 production server modded with platform Forge
[23:48:28.737][INFO][CraftTweaker-EarlyInit]: Successfully injected RecipeFS file system
[23:48:28.773][INFO][CraftTweaker-Plugins]: Successfully identified and loaded plugin crafttweaker:builtin
[23:48:28.775][INFO][CraftTweaker-Plugins]: Successfully identified and loaded plugin crafttweaker:builtin_forge
[23:48:28.780][INFO][CraftTweaker-Plugins]: Successfully identified and loaded plugin farmersdelight:crafttweaker_plugin
[23:48:29.474][INFO][CraftTweaker]: The following mods have explicit CraftTweaker support through the default plugin:
[23:48:29.478][INFO][CraftTweaker]: - 'aquaculture' at version '2.5.5'
[23:48:29.479][INFO][CraftTweaker]: - 'crafttweaker' at version '14.0.57'
[23:48:29.479][INFO][CraftTweaker]: - 'farmersdelight' at version '1.20.1-1.2.8'
[23:48:41.959][INFO][CraftTweaker-ZenCode]: Started loading scripts for loader 'initialize'
[23:48:42.505][INFO][CraftTweaker-ZenCode]: Compiling and executing scripts
[23:48:42.537][INFO][CraftTweaker-ZenCode]: Successfully initialized modules [crafttweaker, expansions]
[23:48:42.803][INFO][CraftTweaker-ZenCode]: Execution for loader 'initialize' completed successfully
[23:48:53.330][INFO][CraftTweaker-ZenCode]: Started loading scripts for loader 'tags'
[23:48:53.365][INFO][CraftTweaker-ZenCode]: Compiling and executing scripts
[23:48:53.387][INFO][CraftTweaker-ZenCode]: Successfully initialized modules [crafttweaker, expansions]
[23:48:53.401][INFO][CraftTweaker-ZenCode]: Execution for loader 'tags' completed successfully
[23:48:54.963][INFO][CraftTweaker]: crafttweaker.reload.start
[23:48:54.968][INFO][CraftTweaker-ZenCode]: Started loading scripts for loader 'crafttweaker'
[23:48:55.002][INFO][CraftTweaker-ZenCode]: Compiling and executing scripts
[23:48:55.500][INFO][CraftTweaker-ZenCode]: Successfully initialized modules [mods, crafttweaker, expansions]
[23:48:55.500][INFO][CraftTweaker-ZenCode]: Loading file 'crafteos.zs' with priority 0
[23:48:55.527][INFO][CraftTweaker]: Adding 'minecraft:crafting' recipe, of type: "shaped", with name: 'crafttweaker:burning_ashes' that outputs: '<item:cataclysm:burning_ashes>'
[23:48:55.528][INFO][CraftTweaker-ZenCode]: Execution for loader 'crafttweaker' completed successfully
[23:48:55.529][INFO][CraftTweaker]: crafttweaker.reload.complete
[23:48:55.529][INFO][CraftTweaker]: This reload was made possible by Ivy_ and more! Become a patron at https://patreon.com/jaredlll08?s=crtmod
